<?xml version="1.0" encoding="UTF-8"?>
<testsuite xmlns:xsi="http://www.w3.org/2001/XMLSchema-instance" xsi:noNamespaceSchemaLocation="https://maven.apache.org/surefire/maven-surefire-plugin/xsd/surefire-test-report.xsd" version="3.0.2" name="Assignment01.Assignmentcoen6761.SolutionTest" time="0.278" tests="15" errors="0" skipped="0" failures="0">
  <properties>
    <property name="java.specification.version" value="17"/>
    <property name="sun.cpu.isalist" value="amd64"/>
    <property name="sun.jnu.encoding" value="Cp1252"/>
    <property name="java.class.path" value="C:\Users\ayyal\Downloads\Assignmentcoen6761-1\Assignmentcoen6761-1\Assignmentcoen6761\target\test-classes;C:\Users\ayyal\Downloads\Assignmentcoen6761-1\Assignmentcoen6761-1\Assignmentcoen6761\target\classes;C:\Users\ayyal\.m2\repository\org\junit\jupiter\junit-jupiter-api\5.11.4\junit-jupiter-api-5.11.4.jar;C:\Users\ayyal\.m2\repository\org\opentest4j\opentest4j\1.3.0\opentest4j-1.3.0.jar;C:\Users\ayyal\.m2\repository\org\junit\platform\junit-platform-commons\1.11.4\junit-platform-commons-1.11.4.jar;C:\Users\ayyal\.m2\repository\org\apiguardian\apiguardian-api\1.1.2\apiguardian-api-1.1.2.jar;C:\Users\ayyal\.m2\repository\org\junit\jupiter\junit-jupiter-engine\5.11.4\junit-jupiter-engine-5.11.4.jar;C:\Users\ayyal\.m2\repository\org\junit\platform\junit-platform-engine\1.11.4\junit-platform-engine-1.11.4.jar;C:\Users\ayyal\.m2\repository\org\junit\jupiter\junit-jupiter-params\5.11.4\junit-jupiter-params-5.11.4.jar;"/>
    <property name="java.vm.vendor" value="Eclipse Adoptium"/>
    <property name="sun.arch.data.model" value="64"/>
    <property name="user.variant" value=""/>
    <property name="java.vendor.url" value="https://adoptium.net/"/>
    <property name="user.timezone" value="America/Toronto"/>
    <property name="os.name" value="Windows 11"/>
    <property name="java.vm.specification.version" value="17"/>
    <property name="sun.java.launcher" value="SUN_STANDARD"/>
    <property name="user.country" value="CA"/>
    <property name="sun.boot.library.path" value="C:\Users\ayyal\.p2\pool\plugins\org.eclipse.justj.openjdk.hotspot.jre.full.win32.x86_64_17.0.9.v20231028-0858\jre\bin"/>
    <property name="sun.java.command" value="C:\Users\ayyal\AppData\Local\Temp\surefire12551503285212951285\surefirebooter-20250214222449772_3.jar C:\Users\ayyal\AppData\Local\Temp\surefire12551503285212951285 2025-02-14T22-24-48_855-jvmRun1 surefire-20250214222449772_1tmp surefire_0-20250214222449772_2tmp"/>
    <property name="jdk.debug" value="release"/>
    <property name="surefire.test.class.path" value="C:\Users\ayyal\Downloads\Assignmentcoen6761-1\Assignmentcoen6761-1\Assignmentcoen6761\target\test-classes;C:\Users\ayyal\Downloads\Assignmentcoen6761-1\Assignmentcoen6761-1\Assignmentcoen6761\target\classes;C:\Users\ayyal\.m2\repository\org\junit\jupiter\junit-jupiter-api\5.11.4\junit-jupiter-api-5.11.4.jar;C:\Users\ayyal\.m2\repository\org\opentest4j\opentest4j\1.3.0\opentest4j-1.3.0.jar;C:\Users\ayyal\.m2\repository\org\junit\platform\junit-platform-commons\1.11.4\junit-platform-commons-1.11.4.jar;C:\Users\ayyal\.m2\repository\org\apiguardian\apiguardian-api\1.1.2\apiguardian-api-1.1.2.jar;C:\Users\ayyal\.m2\repository\org\junit\jupiter\junit-jupiter-engine\5.11.4\junit-jupiter-engine-5.11.4.jar;C:\Users\ayyal\.m2\repository\org\junit\platform\junit-platform-engine\1.11.4\junit-platform-engine-1.11.4.jar;C:\Users\ayyal\.m2\repository\org\junit\jupiter\junit-jupiter-params\5.11.4\junit-jupiter-params-5.11.4.jar;"/>
    <property name="sun.cpu.endian" value="little"/>
    <property name="user.home" value="C:\Users\ayyal"/>
    <property name="user.language" value="en"/>
    <property name="java.specification.vendor" value="Oracle Corporation"/>
    <property name="java.version.date" value="2023-10-17"/>
    <property name="java.home" value="C:\Users\ayyal\.p2\pool\plugins\org.eclipse.justj.openjdk.hotspot.jre.full.win32.x86_64_17.0.9.v20231028-0858\jre"/>
    <property name="file.separator" value="\"/>
    <property name="style.color" value="always"/>
    <property name="basedir" value="C:\Users\ayyal\Downloads\Assignmentcoen6761-1\Assignmentcoen6761-1\Assignmentcoen6761"/>
    <property name="java.vm.compressedOopsMode" value="Zero based"/>
    <property name="line.separator" value="&#10;"/>
    <property name="java.vm.specification.vendor" value="Oracle Corporation"/>
    <property name="java.specification.name" value="Java Platform API Specification"/>
    <property name="surefire.real.class.path" value="C:\Users\ayyal\AppData\Local\Temp\surefire12551503285212951285\surefirebooter-20250214222449772_3.jar"/>
    <property name="user.script" value=""/>
    <property name="sun.management.compiler" value="HotSpot 64-Bit Tiered Compilers"/>
    <property name="java.runtime.version" value="17.0.9+9"/>
    <property name="user.name" value="ayyal"/>
    <property name="path.separator" value=";"/>
    <property name="os.version" value="10.0"/>
    <property name="java.runtime.name" value="OpenJDK Runtime Environment"/>
    <property name="file.encoding" value="Cp1252"/>
    <property name="java.vm.name" value="OpenJDK 64-Bit Server VM"/>
    <property name="java.vendor.version" value="Temurin-17.0.9+9"/>
    <property name="localRepository" value="C:\Users\ayyal\.m2\repository"/>
    <property name="java.vendor.url.bug" value="https://github.com/adoptium/adoptium-support/issues"/>
    <property name="java.io.tmpdir" value="C:\Users\ayyal\AppData\Local\Temp\"/>
    <property name="java.version" value="17.0.9"/>
    <property name="user.dir" value="C:\Users\ayyal\Downloads\Assignmentcoen6761-1\Assignmentcoen6761-1\Assignmentcoen6761"/>
    <property name="os.arch" value="amd64"/>
    <property name="java.vm.specification.name" value="Java Virtual Machine Specification"/>
    <property name="sun.os.patch.level" value=""/>
    <property name="native.encoding" value="Cp1252"/>
    <property name="java.library.path" value="C:\Users\ayyal\.p2\pool\plugins\org.eclipse.justj.openjdk.hotspot.jre.full.win32.x86_64_17.0.9.v20231028-0858\jre\bin;C:\WINDOWS\Sun\Java\bin;C:\WINDOWS\system32;C:\WINDOWS;C:/Users/ayyal/.p2/pool/plugins/org.eclipse.justj.openjdk.hotspot.jre.full.win32.x86_64_17.0.9.v20231028-0858/jre/bin/server;C:/Users/ayyal/.p2/pool/plugins/org.eclipse.justj.openjdk.hotspot.jre.full.win32.x86_64_17.0.9.v20231028-0858/jre/bin;C:\windows\system32;C:\windows;C:\windows\System32\Wbem;C:\windows\System32\WindowsPowerShell\v1.0\;C:\windows\System32\OpenSSH\;C:\Program Files\Git\cmd;C:\Program Files\nodejs\;C:\Program Files\PuTTY\;C:\Program Files\Java\jdk-21\bin;C:\Users\ayyal\Downloads\apache-maven-3.8.8-bin\apache-maven-3.8.8\bin;C:\Program Files\HP\HP One Agent;C:\Program Files\RabbitMQ Server\rabbitmq_server-3.13.0\sbin;C:\Users\ayyal\AppData\Local\Programs\Python\Python312;C:\Users\ayyal\AppData\Local\Programs\Python\Python312\Scripts;C:\Program Files\OpenSSL-Win64\bin;;%SystemRoot%\system32;%SystemRoot%;%SystemRoot%\System32\Wbem;%SYSTEMROOT%\System32\WindowsPowerShell\v1.0\;%SYSTEMROOT%\System32\OpenSSH\;C:\windows\system32;C:\windows;C:\windows\System32\Wbem;C:\windows\System32\WindowsPowerShell\v1.0\;C:\windows\System32\OpenSSH\;C:\Program Files\Git\cmd;C:\Program Files\nodejs\;C:\Program Files\PuTTY\;C:\Program Files\Java\jdk-21\bin;C:\Users\ayyal\Downloads\apache-maven-3.8.8-bin\apache-maven-3.8.8\bin;C:\Program Files\HP\HP One Agent;C:\Program Files\RabbitMQ Server\rabbitmq_server-3.13.0\sbin;C:\Users\ayyal\AppData\Local\Programs\Python\Python312;C:\Users\ayyal\AppData\Local\Programs\Python\Python312\Scripts;C:\Users\ayyal\AppData\Local\Programs\Python\Launcher\;C:\Users\ayyal\AppData\Local\Microsoft\WindowsApps;;C:\Users\ayyal\AppData\Local\Programs\Microsoft VS Code\bin;C:\Users\ayyal\AppData\Roaming\npm;C:\Program Files\Java\jdk-21\bin;C:\Users\ayyal\AppData\Local\Microsoft\WindowsApps;C:\WINDOWS\system32;;."/>
    <property name="java.vm.info" value="mixed mode"/>
    <property name="java.vendor" value="Eclipse Adoptium"/>
    <property name="java.vm.version" value="17.0.9+9"/>
    <property name="sun.io.unicode.encoding" value="UnicodeLittle"/>
    <property name="java.class.version" value="61.0"/>
  </properties>
  <testcase name="testFindOrder(String, String, String, String, String)[1]" classname="Assignment01.Assignmentcoen6761.SolutionTest" time="0.041"/>
  <testcase name="testFindOrder(String, String, String, String, String)[2]" classname="Assignment01.Assignmentcoen6761.SolutionTest" time="0.002"/>
  <testcase name="testFindOrder(String, String, String, String, String)[3]" classname="Assignment01.Assignmentcoen6761.SolutionTest" time="0.002"/>
  <testcase name="testFindOrder(String, String, String, String, String)[4]" classname="Assignment01.Assignmentcoen6761.SolutionTest" time="0.0"/>
  <testcase name="testFindOrder(String, String, String, String, String)[5]" classname="Assignment01.Assignmentcoen6761.SolutionTest" time="0.002"/>
  <testcase name="testFindOrder(String, String, String, String, String)[6]" classname="Assignment01.Assignmentcoen6761.SolutionTest" time="0.002"/>
  <testcase name="testFindOrder(String, String, String, String, String)[7]" classname="Assignment01.Assignmentcoen6761.SolutionTest" time="0.003"/>
  <testcase name="testFindOrder(String, String, String, String, String)[8]" classname="Assignment01.Assignmentcoen6761.SolutionTest" time="0.011"/>
  <testcase name="testFindOrder(String, String, String, String, String)[9]" classname="Assignment01.Assignmentcoen6761.SolutionTest" time="0.002"/>
  <testcase name="testFindOrder(String, String, String, String, String)[10]" classname="Assignment01.Assignmentcoen6761.SolutionTest" time="0.002"/>
  <testcase name="testFindOrder(String, String, String, String, String)[11]" classname="Assignment01.Assignmentcoen6761.SolutionTest" time="0.001"/>
  <testcase name="testFindOrder(String, String, String, String, String)[12]" classname="Assignment01.Assignmentcoen6761.SolutionTest" time="0.001"/>
  <testcase name="testFindOrder(String, String, String, String, String)[13]" classname="Assignment01.Assignmentcoen6761.SolutionTest" time="0.0"/>
  <testcase name="testFindOrder(String, String, String, String, String)[14]" classname="Assignment01.Assignmentcoen6761.SolutionTest" time="0.001"/>
  <testcase name="testFindOrder(String, String, String, String, String)[15]" classname="Assignment01.Assignmentcoen6761.SolutionTest" time="0.001"/>
</testsuite>